20230415	12:26:06	c8cdd26b-3042-4992-a4ab-611c594b4e11	GET	/	undefined
20230415	12:26:06	ec4cafe8-2e62-4cf8-bd6b-52b33d126b9a	GET	/css/style.css	undefined
20230415	12:26:07	3f53ba37-d345-434a-a434-8eb80a2e1fbc	GET	/favicon.ico	undefined
20230419	12:22:02	1d0ebce1-c10d-4fd6-b508-1943aad3c825	OPTIONS	/	https://mail.google.com
20230419	12:22:02	2ece2548-54bf-40a6-850f-d1d6cb15000f	GET	/	https://mail.google.com
20230419	14:10:45	b35da79b-fc7f-416f-87f4-9cd686f07cff	OPTIONS	/	https://mail.google.com
20230419	14:10:45	4ebb84ad-6efc-4452-a90f-db64f163b17f	GET	/	https://mail.google.com
20230419	14:11:11	005261f5-66da-4817-b6f6-3c3b87c24774	OPTIONS	/	https://dzen.ru
20230419	14:11:11	3880ee79-cef3-4697-81df-b0cd07cf1468	GET	/	https://dzen.ru
20230419	14:11:48	4a39b1f7-9cfd-469b-9267-e5e7d9294d7d	OPTIONS	/	https://www.nationalbank.kz
20230419	14:11:48	5e73bcbf-c685-418e-b312-53f1d0ee0f4d	GET	/	https://www.nationalbank.kz
20230419	14:11:51	5438ea3f-4b4a-4ff0-aea5-c9119260064e	GET	/	https://www.nationalbank.kz
20230503	17:27:45	d046809d-6ff5-4ad3-9b3d-a54663855a32	GET	/users	undefined
20230503	17:28:20	f1569d35-68e4-493b-a072-648dd410f0e7	GET	/users	undefined
20230503	17:31:44	b43102bf-8cd4-4cc4-a404-3c8d4961ff01	GET	/users	undefined
20230503	17:32:32	c1d8f4b8-3a4f-4fb8-9322-e226b6a7cce4	GET	/users	undefined
20230503	17:34:59	087a3062-6070-4e7a-b77d-f1f390fe7eea	GET	/users	undefined
20230503	17:36:26	301c8b6a-007c-451a-9400-d9b373a68c2f	GET	/users	undefined
20230503	17:54:02	8b232164-ced5-48a5-b00f-2596a4851e51	GET	/users	undefined
20230503	18:01:18	946d28a6-f339-4ac6-b764-5330504f5fcd	POST	/users	undefined
20230503	18:04:26	8ae52782-67ce-4192-97af-7ee64d5fe4b1	GET	/users	undefined
20230504	10:33:05	bb65315d-4d24-4c8c-ba44-59fa445d4958	POST	/users	undefined
20230504	10:33:26	0c663c8d-9d88-4358-a086-8247858234b4	POST	/users	undefined
20230504	10:33:34	7bd388c4-cba9-46d7-bad6-c4ba5daa396a	POST	/users	undefined
20230504	10:33:57	38b3a3bb-09f6-4045-b7ed-12a8c870be07	POST	/users	undefined
20230504	10:38:29	b8967cfb-e8df-416b-8a71-7c4c8d651a57	POST	/users	undefined
20230504	10:39:12	721d8445-c937-4f58-8e05-ac9673c6e11a	POST	/users	undefined
20230504	10:39:23	b27e2c56-ec51-4bfe-be60-07e8eaa9e571	POST	/users	undefined
20230504	11:52:45	cf88d976-ce1d-42a7-b75c-1946e2a8d8e0	POST	/users	undefined
20230504	11:52:58	0208bfa5-5e2f-4a96-8bb6-058ac1f5be27	POST	/users	undefined
20230504	11:53:34	c82ac433-3eb9-4b4d-bec5-b855ac928bff	POST	/users	undefined
20230504	11:53:41	d2facbef-41d6-4f53-ac79-87c5b5fa7679	POST	/users	undefined
20230504	11:56:20	e9a84cca-85b2-4336-a778-9ae1620fcec9	GET	/users	undefined
20230504	11:57:33	fe2be838-92fc-4eaa-b2b7-16546d214652	PATCH	/users	undefined
20230504	11:58:12	315c07b5-77f1-46da-b760-c2371380fe34	PATCH	/users	undefined
20230504	12:04:36	438d35f8-54d2-40f8-a850-78bfb28835c5	PATCH	/users	undefined
20230504	12:04:49	24920a55-77ec-47bd-b171-e1d437adae97	GET	/users	undefined
20230504	12:05:41	7d6b2d1c-a031-47c4-a904-e1526dfd20e5	PATCH	/users	undefined
20230504	12:05:57	0415e3d8-742b-4b34-8aff-92d11d97bb17	GET	/users	undefined
20230504	12:06:07	e2a5b355-0656-40bd-8cbc-06ca363a60ec	PATCH	/users	undefined
20230504	12:09:12	a729c785-5677-4b69-867e-c482e93cc989	POST	/users	undefined
20230504	12:09:20	99434b3d-2fd9-4609-904a-c1ea338f78b3	GET	/users	undefined
20230504	12:12:32	2ad4e535-3221-4723-b3b2-2ae698baa14f	PATCH	/users	undefined
20230504	12:13:10	df1b92d2-c315-4e32-acf2-539316dc9f14	PATCH	/users	undefined
20230504	12:30:55	b864e474-8706-4d1b-ba73-a0e3921401ed	DELETE	/users	undefined
20230504	12:31:04	dc3c4d24-034f-4cba-9260-d46563347f82	DELETE	/users	undefined
20230504	12:31:20	6f609167-eb60-477b-945a-7a8bba2d67be	DELETE	/users	undefined
20230504	12:31:34	7a5bf202-b62b-4c15-bc01-906564682586	GET	/users	undefined
20230504	12:32:51	9ab43073-490c-4bf8-b7cf-2b474194d397	DELETE	/users	undefined
20230504	12:32:55	3e7fa86e-c4fe-4099-ac99-01b893eaee3c	GET	/users	undefined
